Base path: C:/Program Files (x86)/Unity/Editor/Data
Pipe name: \\.\pipe\UnityShaderCompiler-1-3584
Cmd: getPlatforms
Cmd: preprocess
  insize=464 outsize=464 ok=1
Cmd: preprocess
  insize=3325 outsize=1181 ok=1
Cmd: compileSnippet
  api=1 type=0 insize=2380 outsize=132 kw= ok=1
Cmd: compileSnippet
  api=1 type=1 insize=2380 outsize=783 kw= ok=1
Cmd: preprocess
  insize=1101 outsize=904 ok=1
Cmd: compileSnippet
  api=1 type=0 insize=4808 outsize=595 kw=DIRECTIONAL SHADOWS_OFF LIGHTMAP_OFF DIRLIGHTMAP_OFF ok=1
Cmd: compileSnippet
  api=1 type=1 insize=4808 outsize=345 kw=DIRECTIONAL SHADOWS_OFF LIGHTMAP_OFF DIRLIGHTMAP_OFF ok=1
Cmd: compileSnippet
  api=1 type=0 insize=2847 outsize=383 kw=POINT ok=1
Cmd: compileSnippet
  api=1 type=1 insize=2847 outsize=538 kw=POINT ok=1
Cmd: preprocess
  insize=1551 outsize=865 ok=1
Cmd: compileSnippet
  api=1 type=0 insize=952 outsize=171 kw= ok=1
Cmd: compileSnippet
  api=1 type=1 insize=952 outsize=126 kw= ok=1
Cmd: preprocess
  insize=1406 outsize=457 ok=1
Cmd: compileSnippet
  api=1 type=0 insize=1207 outsize=211 kw= ok=1
Cmd: compileSnippet
  api=1 type=1 insize=1207 outsize=314 kw= ok=1
Cmd: preprocess
  insize=1654 outsize=1035 ok=1
Cmd: compileSnippet
  api=1 type=0 insize=867 outsize=316 kw= ok=1
Cmd: compileSnippet
  api=1 type=1 insize=867 outsize=29 kw= ok=1
Cmd: compileSnippet
  api=1 type=0 insize=834 outsize=316 kw= ok=1
Cmd: preprocess
  insize=2702 outsize=1124 ok=1
Cmd: compileSnippet
  api=1 type=0 insize=1825 outsize=132 kw= ok=1
Cmd: compileSnippet
  api=1 type=1 insize=1825 outsize=441 kw= ok=1
Cmd: preprocess
  insize=2451 outsize=490 ok=1
Cmd: compileSnippet
  api=1 type=0 insize=2197 outsize=211 kw= ok=1
Cmd: compileSnippet
  api=1 type=1 insize=2197 outsize=994 kw= ok=1
Cmd: preprocess
  insize=1574 outsize=702 ok=1
Cmd: compileSnippet
  api=1 type=0 insize=1135 outsize=272 kw= ok=1
Cmd: compileSnippet
  api=1 type=1 insize=1135 outsize=192 kw= ok=1
Cmd: preprocess
  insize=824 outsize=821 ok=1
